2023-08-01 16:15:12.333  INFO 17996 --- [main] com.server.ServerApplication             : Starting ServerApplication using Java 11.0.18 on DESKTOP-NIKJHOF with PID 17996 (C:\Users\lisso\Documents\dev\0720최종\seb44_main_007\server\build\classes\java\main started by lisso in C:\Users\lisso\Documents\dev\0720최종\seb44_main_007\server)
2023-08-01 16:15:12.349  INFO 17996 --- [main] com.server.ServerApplication             : No active profile set, falling back to 1 default profile: "default"
2023-08-01 16:15:13.913  INFO 17996 --- [main] .s.d.r.c.RepositoryConfigurationDelegate : Multiple Spring Data modules found, entering strict repository configuration mode
2023-08-01 16:15:13.917  INFO 17996 --- [main] .s.d.r.c.RepositoryConfigurationDelegate : Bootstrapping Spring Data JPA repositories in DEFAULT mode.
2023-08-01 16:15:14.364  INFO 17996 --- [main] .s.d.r.c.RepositoryConfigurationDelegate : Finished Spring Data repository scanning in 429 ms. Found 5 JPA repository interfaces.
2023-08-01 16:15:15.450  INFO 17996 --- [main] o.s.b.w.embedded.tomcat.TomcatWebServer  : Tomcat initialized with port(s): 8080 (http)
2023-08-01 16:15:15.464  INFO 17996 --- [main] o.apache.catalina.core.StandardService   : Starting service [Tomcat]
2023-08-01 16:15:15.465  INFO 17996 --- [main] org.apache.catalina.core.StandardEngine  : Starting Servlet engine: [Apache Tomcat/9.0.76]
2023-08-01 16:15:15.665  INFO 17996 --- [main] o.a.c.c.C.[Tomcat].[localhost].[/]       : Initializing Spring embedded WebApplicationContext
2023-08-01 16:15:15.665  INFO 17996 --- [main] w.s.c.ServletWebServerApplicationContext : Root WebApplicationContext: initialization completed in 3191 ms
2023-08-01 16:15:15.986  INFO 17996 --- [main] o.hibernate.jpa.internal.util.LogHelper  : HHH000204: Processing PersistenceUnitInfo [name: default]
2023-08-01 16:15:16.108  INFO 17996 --- [main] org.hibernate.Version                    : HHH000412: Hibernate ORM core version 5.6.15.Final
2023-08-01 16:15:16.449  INFO 17996 --- [main] o.hibernate.annotations.common.Version   : HCANN000001: Hibernate Commons Annotations {5.1.2.Final}
2023-08-01 16:15:16.670  INFO 17996 --- [main] com.zaxxer.hikari.HikariDataSource       : HikariPool-1 - Starting...
2023-08-01 16:15:17.124  INFO 17996 --- [main] com.zaxxer.hikari.HikariDataSource       : HikariPool-1 - Start completed.
2023-08-01 16:15:17.162  INFO 17996 --- [main] org.hibernate.dialect.Dialect            : HHH000400: Using dialect: org.hibernate.dialect.MySQL8Dialect
2023-08-01 16:15:18.425  INFO 17996 --- [main] o.h.e.t.j.p.i.JtaPlatformInitiator       : HHH000490: Using JtaPlatform implementation: [org.hibernate.engine.transaction.jta.platform.internal.NoJtaPlatform]
2023-08-01 16:15:18.438  INFO 17996 --- [main] j.LocalContainerEntityManagerFactoryBean : Initialized JPA EntityManagerFactory for persistence unit 'default'
2023-08-01 16:15:19.828  INFO 17996 --- [main] o.s.s.web.DefaultSecurityFilterChain     : Will secure any request with [org.springframework.security.web.session.DisableEncodeUrlFilter@56f569e, org.springframework.security.web.context.request.async.WebAsyncManagerIntegrationFilter@525c0f74, org.springframework.security.web.context.SecurityContextPersistenceFilter@3984e2b3, org.springframework.security.web.header.HeaderWriterFilter@1f67d37f, org.springframework.web.filter.CorsFilter@3da12ba4, org.springframework.security.web.authentication.logout.LogoutFilter@54a98358, com.server.auth.filter.JwtAuthenticationFilter@64b0ec4a, com.server.auth.filter.JwtVerificationFilter@1b949de4, org.springframework.security.web.savedrequest.RequestCacheAwareFilter@7f82a71f, org.springframework.security.web.servletapi.SecurityContextHolderAwareRequestFilter@627ad446, org.springframework.security.web.authentication.AnonymousAuthenticationFilter@2981064d, org.springframework.security.web.session.SessionManagementFilter@57fb6900, org.springframework.security.web.access.ExceptionTranslationFilter@2e845f1c, org.springframework.security.web.access.intercept.AuthorizationFilter@2c8f7d6a]
2023-08-01 16:15:19.894  WARN 17996 --- [main] JpaBaseConfiguration$JpaWebConfiguration : spring.jpa.open-in-view is enabled by default. Therefore, database queries may be performed during view rendering. Explicitly configure spring.jpa.open-in-view to disable this warning
2023-08-01 16:15:20.432  WARN 17996 --- [main] ion$DefaultTemplateResolverConfiguration : Cannot find template location: classpath:/templates/ (please add some templates, check your Thymeleaf configuration, or set spring.thymeleaf.check-template-location=false)
2023-08-01 16:15:20.727  INFO 17996 --- [main] o.s.b.w.embedded.tomcat.TomcatWebServer  : Tomcat started on port(s): 8080 (http) with context path ''
2023-08-01 16:15:20.738  INFO 17996 --- [main] com.server.ServerApplication             : Started ServerApplication in 9.317 seconds (JVM running for 13.145)
2023-08-01 16:26:33.270  INFO 17996 --- [http-nio-8080-exec-1] o.a.c.c.C.[Tomcat].[localhost].[/]       : Initializing Spring DispatcherServlet 'dispatcherServlet'
2023-08-01 16:26:33.271  INFO 17996 --- [http-nio-8080-exec-1] o.s.web.servlet.DispatcherServlet        : Initializing Servlet 'dispatcherServlet'
2023-08-01 16:26:33.272  INFO 17996 --- [http-nio-8080-exec-1] o.s.web.servlet.DispatcherServlet        : Completed initialization in 1 ms
2023-08-01 16:26:34.561  INFO 17996 --- [http-nio-8080-exec-2] c.s.a.h.UserAuthenticationSuccessHandler : # Authentication successfully.
2023-08-01 16:55:28.855  INFO 17996 --- [http-nio-8080-exec-4] c.s.a.h.UserAuthenticationSuccessHandler : # Authentication successfully.
